[08-Dec-2017 17:42:58 Europe/Berlin] PHP Notice:  Undefined index: yeni_bakiye in C:\xampp\htdocs\pamira_stone\inc\class\DataCommon.php on line 28
[08-Dec-2017 18:06:28 Europe/Berlin] PHP Fatal error:  Uncaught exception 'Exception' with message 'cari INPUT ERROR' in C:\xampp\htdocs\pamira_stone\inc\class\Input.php:59
Stack trace:
#0 C:\xampp\htdocs\pamira_stone\cari_incele.php(22): Input::get('cari')
#1 {main}
  thrown in C:\xampp\htdocs\pamira_stone\inc\class\Input.php on line 59
[08-Dec-2017 18:06:28 Europe/Berlin] PHP Fatal error:  Uncaught exception 'Exception' with message 'cari INPUT ERROR' in C:\xampp\htdocs\pamira_stone\inc\class\Input.php:59
Stack trace:
#0 C:\xampp\htdocs\pamira_stone\cari_incele.php(22): Input::get('cari')
#1 {main}
  thrown in C:\xampp\htdocs\pamira_stone\inc\class\Input.php on line 59
[08-Dec-2017 19:27:18 Europe/Berlin] PHP Notice:  Undefined index: unvan in C:\xampp\htdocs\pamira_stone\inc\class\DataCommon.php on line 28
[08-Dec-2017 19:27:18 Europe/Berlin] PHP Notice:  Undefined index: adres in C:\xampp\htdocs\pamira_stone\inc\class\DataCommon.php on line 28
[08-Dec-2017 19:27:18 Europe/Berlin] PHP Notice:  Undefined index: ilce in C:\xampp\htdocs\pamira_stone\inc\class\DataCommon.php on line 28
[08-Dec-2017 19:27:18 Europe/Berlin] PHP Notice:  Undefined index: il in C:\xampp\htdocs\pamira_stone\inc\class\DataCommon.php on line 28
[08-Dec-2017 19:27:18 Europe/Berlin] PHP Notice:  Undefined index: telefon_1 in C:\xampp\htdocs\pamira_stone\inc\class\DataCommon.php on line 28
[08-Dec-2017 19:27:18 Europe/Berlin] PHP Notice:  Undefined index: telefon_2 in C:\xampp\htdocs\pamira_stone\inc\class\DataCommon.php on line 28
[08-Dec-2017 19:27:18 Europe/Berlin] PHP Notice:  Undefined index: eposta in C:\xampp\htdocs\pamira_stone\inc\class\DataCommon.php on line 28
[08-Dec-2017 19:27:19 Europe/Berlin] PHP Notice:  Undefined index: id in C:\xampp\htdocs\pamira_stone\inc\class\DataCommon.php on line 28
[08-Dec-2017 19:27:19 Europe/Berlin] PHP Notice:  Undefined index: bakiye in C:\xampp\htdocs\pamira_stone\inc\class\DataCommon.php on line 28
[08-Dec-2017 19:39:07 Europe/Berlin] PHP Notice:  Undefined variable: Cari in C:\xampp\htdocs\pamira_stone\inc\templates\template_cari_incele.php on line 7
[08-Dec-2017 19:39:07 Europe/Berlin] PHP Fatal error:  Call to a member function get_details() on null in C:\xampp\htdocs\pamira_stone\inc\templates\template_cari_incele.php on line 7
[08-Dec-2017 20:30:59 Europe/Berlin] PHP Notice:  Undefined index: tip in C:\xampp\htdocs\pamira_stone\inc\class\DataCommon.php on line 28
